app/build/app/intermediates/manifest_merge_blame_file/debug/manifest-merger-blame-debug-report.txt
1<?xml version="1.0" encoding="utf-8"?>
2<manifest xmlns:android="http://schemas.android.com/apk/res/android"
3    package="dev.esh2n.sample.dev"
4    android:versionCode="1"
5    android:versionName="1.0.0" >
6
7    <uses-sdk
8        android:minSdkVersion="19"
9        android:targetSdkVersion="30" />
10
11    <uses-permission android:name="android.permission.INTERNET" />
11-->src/debug/AndroidManifest.xml:3:5-66
11-->src/debug/AndroidManifest.xml:3:22-64
12    <uses-permission android:name="android.permission.ACCESS_NETWORK_STATE" />
12-->[:firebase_analytics] AndroidManifest.xml:7:5-79
12-->[:firebase_analytics] AndroidManifest.xml:7:22-76
13    <uses-permission android:name="android.permission.WAKE_LOCK" />
13-->[:firebase_analytics] AndroidManifest.xml:9:5-68
13-->[:firebase_analytics] AndroidManifest.xml:9:22-65
14    <uses-permission android:name="android.permission.RECEIVE_BOOT_COMPLETED" />
14-->[:flutter_local_notifications] AndroidManifest.xml:7:5-81
14-->[:flutter_local_notifications] AndroidManifest.xml:7:22-78
15    <uses-permission android:name="android.permission.VIBRATE" />
15-->[:flutter_local_notifications] AndroidManifest.xml:8:5-66
15-->[:flutter_local_notifications] AndroidManifest.xml:8:22-63
16    <uses-permission android:name="android.permission.USE_FULL_SCREEN_INTENT" />
16-->[:flutter_local_notifications] AndroidManifest.xml:9:5-81
16-->[:flutter_local_notifications] AndroidManifest.xml:9:22-78
17    <uses-permission android:name="android.permission.SCHEDULE_EXACT_ALARM" /> <!-- Required by older versions of Google Play services to create IID tokens -->
17-->[:flutter_local_notifications] AndroidManifest.xml:10:5-79
17-->[:flutter_local_notifications] AndroidManifest.xml:10:22-76
18    <uses-permission android:name="com.google.android.c2dm.permission.RECEIVE" />
18-->[com.google.firebase:firebase-messaging:23.0.0] AndroidManifest.xml:25:5-82
18-->[com.google.firebase:firebase-messaging:23.0.0] AndroidManifest.xml:25:22-79
19    <uses-permission android:name="com.google.android.finsky.permission.BIND_GET_INSTALL_REFERRER_SERVICE" />
19-->[com.google.android.gms:play-services-measurement:20.0.0] AndroidManifest.xml:26:5-110
19-->[com.google.android.gms:play-services-measurement:20.0.0] AndroidManifest.xml:26:22-107
20
21    <application
21-->src/main/AndroidManifest.xml:3:4-42:19
22        android:name="androidx.multidex.MultiDexApplication"
23        android:appComponentFactory="androidx.core.app.CoreComponentFactory"
23-->[androidx.core:core:1.3.0] AndroidManifest.xml:24:18-86
24        android:debuggable="true"
25        android:icon="@mipmap/ic_launcher"
25-->src/main/AndroidManifest.xml:5:9-43
26        android:label="@string/app_name" >
26-->src/main/AndroidManifest.xml:4:9-41
27        <activity
27-->src/main/AndroidManifest.xml:6:9-38:20
28            android:name="dev.esh2n.sample.MainActivity"
28-->src/main/AndroidManifest.xml:7:13-41
29            android:configChanges="orientation|keyboardHidden|keyboard|screenSize|smallestScreenSize|locale|layoutDirection|fontScale|screenLayout|density|uiMode"
29-->src/main/AndroidManifest.xml:10:13-163
30            android:hardwareAccelerated="true"
30-->src/main/AndroidManifest.xml:11:13-47
31            android:launchMode="singleTop"
31-->src/main/AndroidManifest.xml:8:13-43
32            android:theme="@style/LaunchTheme"
32-->src/main/AndroidManifest.xml:9:13-47
33            android:windowSoftInputMode="adjustResize" >
33-->src/main/AndroidManifest.xml:12:13-55
34
35            <!-- Un comment out when added notify_icon to drawable -->
36            <!--
37                 <meta-data android:name="com.google.firebase.messaging.default_notification_icon"
38                android:resource="@drawable/notify_icon" />
39            -->
40            <meta-data
40-->src/main/AndroidManifest.xml:16:13-18:55
41                android:name="com.google.firebase.messaging.default_notification_color"
41-->src/main/AndroidManifest.xml:17:15-86
42                android:resource="@color/colorAccent" />
42-->src/main/AndroidManifest.xml:18:15-52
43            <meta-data
43-->src/main/AndroidManifest.xml:19:13-22:17
44                android:name="io.flutter.embedding.android.NormalTheme"
44-->src/main/AndroidManifest.xml:20:15-70
45                android:resource="@style/NormalTheme" />
45-->src/main/AndroidManifest.xml:21:15-52
46            <meta-data
46-->src/main/AndroidManifest.xml:23:13-26:17
47                android:name="io.flutter.embedding.android.SplashScreenDrawable"
47-->src/main/AndroidManifest.xml:24:15-79
48                android:resource="@drawable/launch_background" />
48-->src/main/AndroidManifest.xml:25:15-61
49            <meta-data
49-->src/main/AndroidManifest.xml:27:13-29:57
50                android:name="com.google.firebase.messaging.default_notification_channel_id"
50-->src/main/AndroidManifest.xml:28:15-91
51                android:value="high_importance_channel" />
51-->src/main/AndroidManifest.xml:29:15-54
52
53            <intent-filter>
53-->src/main/AndroidManifest.xml:30:13-33:29
54                <action android:name="android.intent.action.MAIN" />
54-->src/main/AndroidManifest.xml:31:17-68
54-->src/main/AndroidManifest.xml:31:25-66
55
56                <category android:name="android.intent.category.LAUNCHER" />
56-->src/main/AndroidManifest.xml:32:17-76
56-->src/main/AndroidManifest.xml:32:27-74
57            </intent-filter>
58            <intent-filter>
58-->src/main/AndroidManifest.xml:34:13-37:29
59                <action android:name="FLUTTER_NOTIFICATION_CLICK" />
59-->src/main/AndroidManifest.xml:35:17-69
59-->src/main/AndroidManifest.xml:35:25-66
60
61                <category android:name="android.intent.category.DEFAULT" />
61-->src/main/AndroidManifest.xml:36:17-76
61-->src/main/AndroidManifest.xml:36:27-73
62            </intent-filter>
63        </activity>
64
65        <meta-data
65-->src/main/AndroidManifest.xml:39:9-41:33
66            android:name="flutterEmbedding"
66-->src/main/AndroidManifest.xml:40:13-44
67            android:value="2" />
67-->src/main/AndroidManifest.xml:41:13-30
68
69        <service
69-->[:firebase_crashlytics] AndroidManifest.xml:8:9-12:19
70            android:name="com.google.firebase.components.ComponentDiscoveryService"
70-->[:firebase_crashlytics] AndroidManifest.xml:8:18-89
71            android:directBootAware="true"
71-->[com.google.firebase:firebase-common:20.0.0] AndroidManifest.xml:35:13-43
72            android:exported="false" >
72-->[com.google.firebase:firebase-messaging:23.0.0] AndroidManifest.xml:51:13-37
73            <meta-data
73-->[:firebase_crashlytics] AndroidManifest.xml:9:13-11:85
74                android:name="com.google.firebase.components:io.flutter.plugins.firebase.crashlytics.FlutterFirebaseAppRegistrar"
74-->[:firebase_crashlytics] AndroidManifest.xml:10:17-130
75                android:value="com.google.firebase.components.ComponentRegistrar" />
75-->[:firebase_crashlytics] AndroidManifest.xml:11:17-82
76            <meta-data
76-->[:cloud_firestore] AndroidManifest.xml:9:13-11:85
77                android:name="com.google.firebase.components:io.flutter.plugins.firebase.firestore.FlutterFirebaseFirestoreRegistrar"
77-->[:cloud_firestore] AndroidManifest.xml:10:17-134
78                android:value="com.google.firebase.components.ComponentRegistrar" />
78-->[:cloud_firestore] AndroidManifest.xml:11:17-82
79            <meta-data
79-->[:firebase_performance] AndroidManifest.xml:11:13-13:85
80                android:name="com.google.firebase.components:io.flutter.plugins.firebaseperformance.FlutterFirebaseAppRegistrar"
80-->[:firebase_performance] AndroidManifest.xml:12:17-129
81                android:value="com.google.firebase.components.ComponentRegistrar" />
81-->[:firebase_performance] AndroidManifest.xml:13:17-82
82            <meta-data
82-->[:firebase_dynamic_links] AndroidManifest.xml:11:13-13:85
83                android:name="com.google.firebase.components:io.flutter.plugins.firebasedynamiclinks.FlutterFirebaseAppRegistrar"
83-->[:firebase_dynamic_links] AndroidManifest.xml:12:17-130
84                android:value="com.google.firebase.components.ComponentRegistrar" />
84-->[:firebase_dynamic_links] AndroidManifest.xml:13:17-82
85            <meta-data
85-->[:firebase_analytics] AndroidManifest.xml:13:13-15:85
86                android:name="com.google.firebase.components:io.flutter.plugins.firebaseanalytics.FlutterFirebaseAppRegistrar"
86-->[:firebase_analytics] AndroidManifest.xml:14:17-127
87                android:value="com.google.firebase.components.ComponentRegistrar" />
87-->[:firebase_analytics] AndroidManifest.xml:15:17-82
88            <meta-data
88-->[:firebase_auth] AndroidManifest.xml:9:13-11:85
89                android:name="com.google.firebase.components:io.flutter.plugins.firebase.auth.FlutterFirebaseAuthRegistrar"
89-->[:firebase_auth] AndroidManifest.xml:10:17-124
90                android:value="com.google.firebase.components.ComponentRegistrar" />
90-->[:firebase_auth] AndroidManifest.xml:11:17-82
91            <meta-data
91-->[:firebase_remote_config] AndroidManifest.xml:9:13-11:85
92                android:name="com.google.firebase.components:io.flutter.plugins.firebase.firebaseremoteconfig.FlutterFirebaseAppRegistrar"
92-->[:firebase_remote_config] AndroidManifest.xml:10:17-139
93                android:value="com.google.firebase.components.ComponentRegistrar" />
93-->[:firebase_remote_config] AndroidManifest.xml:11:17-82
94            <meta-data
94-->[:firebase_storage] AndroidManifest.xml:9:13-11:85
95                android:name="com.google.firebase.components:io.flutter.plugins.firebase.storage.FlutterFirebaseAppRegistrar"
95-->[:firebase_storage] AndroidManifest.xml:10:17-126
96                android:value="com.google.firebase.components.ComponentRegistrar" />
96-->[:firebase_storage] AndroidManifest.xml:11:17-82
97            <meta-data
97-->[:firebase_messaging] AndroidManifest.xml:34:13-36:85
98                android:name="com.google.firebase.components:io.flutter.plugins.firebase.messaging.FlutterFirebaseAppRegistrar"
98-->[:firebase_messaging] AndroidManifest.xml:35:17-128
99                android:value="com.google.firebase.components.ComponentRegistrar" />
99-->[:firebase_messaging] AndroidManifest.xml:36:17-82
100            <meta-data
100-->[:firebase_core] AndroidManifest.xml:9:13-11:85
101                android:name="com.google.firebase.components:io.flutter.plugins.firebase.core.FlutterFirebaseCoreRegistrar"
101-->[:firebase_core] AndroidManifest.xml:10:17-124
102                android:value="com.google.firebase.components.ComponentRegistrar" />
102-->[:firebase_core] AndroidManifest.xml:11:17-82
103            <meta-data
103-->[com.google.firebase:firebase-messaging:23.0.0] AndroidManifest.xml:52:13-54:85
104                android:name="com.google.firebase.components:com.google.firebase.messaging.FirebaseMessagingRegistrar"
104-->[com.google.firebase:firebase-messaging:23.0.0] AndroidManifest.xml:53:17-119
105                android:value="com.google.firebase.components.ComponentRegistrar" />
105-->[com.google.firebase:firebase-messaging:23.0.0] AndroidManifest.xml:54:17-82
106            <meta-data
106-->[com.google.firebase:firebase-perf:20.0.3] AndroidManifest.xml:23:13-25:85
107                android:name="com.google.firebase.components:com.google.firebase.perf.FirebasePerfRegistrar"
107-->[com.google.firebase:firebase-perf:20.0.3] AndroidManifest.xml:24:17-109
108                android:value="com.google.firebase.components.ComponentRegistrar" />
108-->[com.google.firebase:firebase-perf:20.0.3] AndroidManifest.xml:25:17-82
109            <meta-data
109-->[com.google.firebase:firebase-auth:21.0.1] AndroidManifest.xml:77:13-79:85
110                android:name="com.google.firebase.components:com.google.firebase.auth.FirebaseAuthRegistrar"
110-->[com.google.firebase:firebase-auth:21.0.1] AndroidManifest.xml:78:17-109
111                android:value="com.google.firebase.components.ComponentRegistrar" />
111-->[com.google.firebase:firebase-auth:21.0.1] AndroidManifest.xml:79:17-82
112            <meta-data
112-->[com.google.firebase:firebase-firestore:24.0.0] AndroidManifest.xml:20:13-22:85
113                android:name="com.google.firebase.components:com.google.firebase.firestore.FirestoreRegistrar"
113-->[com.google.firebase:firebase-firestore:24.0.0] AndroidManifest.xml:21:17-111
114                android:value="com.google.firebase.components.ComponentRegistrar" />
114-->[com.google.firebase:firebase-firestore:24.0.0] AndroidManifest.xml:22:17-82
115            <meta-data
115-->[com.google.firebase:firebase-config:21.0.1] AndroidManifest.xml:32:13-34:85
116                android:name="com.google.firebase.components:com.google.firebase.remoteconfig.RemoteConfigRegistrar"
116-->[com.google.firebase:firebase-config:21.0.1] AndroidManifest.xml:33:17-117
117                android:value="com.google.firebase.components.ComponentRegistrar" />
117-->[com.google.firebase:firebase-config:21.0.1] AndroidManifest.xml:34:17-82
118            <meta-data
118-->[com.google.firebase:firebase-crashlytics:18.2.4] AndroidManifest.xml:18:13-20:85
119                android:name="com.google.firebase.components:com.google.firebase.crashlytics.CrashlyticsRegistrar"
119-->[com.google.firebase:firebase-crashlytics:18.2.4] AndroidManifest.xml:19:17-115
120                android:value="com.google.firebase.components.ComponentRegistrar" />
120-->[com.google.firebase:firebase-crashlytics:18.2.4] AndroidManifest.xml:20:17-82
121            <meta-data
121-->[com.google.firebase:firebase-dynamic-links:21.0.0] AndroidManifest.xml:27:13-29:85
122                android:name="com.google.firebase.components:com.google.firebase.dynamiclinks.internal.FirebaseDynamicLinkRegistrar"
122-->[com.google.firebase:firebase-dynamic-links:21.0.0] AndroidManifest.xml:28:17-133
123                android:value="com.google.firebase.components.ComponentRegistrar" />
123-->[com.google.firebase:firebase-dynamic-links:21.0.0] AndroidManifest.xml:29:17-82
124            <meta-data
124-->[com.google.firebase:firebase-storage:20.0.0] AndroidManifest.xml:33:13-35:85
125                android:name="com.google.firebase.components:com.google.firebase.storage.StorageRegistrar"
125-->[com.google.firebase:firebase-storage:20.0.0] AndroidManifest.xml:34:17-107
126                android:value="com.google.firebase.components.ComponentRegistrar" />
126-->[com.google.firebase:firebase-storage:20.0.0] AndroidManifest.xml:35:17-82
127            <meta-data
127-->[com.google.firebase:firebase-datatransport:18.0.1] AndroidManifest.xml:28:13-30:85
128                android:name="com.google.firebase.components:com.google.firebase.datatransport.TransportRegistrar"
128-->[com.google.firebase:firebase-datatransport:18.0.1] AndroidManifest.xml:29:17-115
129                android:value="com.google.firebase.components.ComponentRegistrar" />
129-->[com.google.firebase:firebase-datatransport:18.0.1] AndroidManifest.xml:30:17-82
130            <meta-data
130-->[com.google.android.gms:play-services-measurement-api:20.0.0] AndroidManifest.xml:30:13-32:85
131                android:name="com.google.firebase.components:com.google.firebase.analytics.connector.internal.AnalyticsConnectorRegistrar"
131-->[com.google.android.gms:play-services-measurement-api:20.0.0] AndroidManifest.xml:31:17-139
132                android:value="com.google.firebase.components.ComponentRegistrar" />
132-->[com.google.android.gms:play-services-measurement-api:20.0.0] AndroidManifest.xml:32:17-82
133            <meta-data
133-->[com.google.firebase:firebase-installations:17.0.0] AndroidManifest.xml:18:13-20:85
134                android:name="com.google.firebase.components:com.google.firebase.installations.FirebaseInstallationsRegistrar"
134-->[com.google.firebase:firebase-installations:17.0.0] AndroidManifest.xml:19:17-127
135                android:value="com.google.firebase.components.ComponentRegistrar" />
135-->[com.google.firebase:firebase-installations:17.0.0] AndroidManifest.xml:20:17-82
136            <meta-data
136-->[com.google.firebase:firebase-abt:21.0.0] AndroidManifest.xml:13:13-15:85
137                android:name="com.google.firebase.components:com.google.firebase.abt.component.AbtRegistrar"
137-->[com.google.firebase:firebase-abt:21.0.0] AndroidManifest.xml:14:17-109
138                android:value="com.google.firebase.components.ComponentRegistrar" />
138-->[com.google.firebase:firebase-abt:21.0.0] AndroidManifest.xml:15:17-82
139        </service>
140        <service
140-->[:firebase_messaging] AndroidManifest.xml:12:9-15:72
141            android:name="io.flutter.plugins.firebase.messaging.FlutterFirebaseMessagingBackgroundService"
141-->[:firebase_messaging] AndroidManifest.xml:13:13-107
142            android:exported="false"
142-->[:firebase_messaging] AndroidManifest.xml:14:13-37
143            android:permission="android.permission.BIND_JOB_SERVICE" />
143-->[:firebase_messaging] AndroidManifest.xml:15:13-69
144        <service
144-->[:firebase_messaging] AndroidManifest.xml:16:9-22:19
145            android:name="io.flutter.plugins.firebase.messaging.FlutterFirebaseMessagingService"
145-->[:firebase_messaging] AndroidManifest.xml:17:13-97
146            android:exported="false" >
146-->[:firebase_messaging] AndroidManifest.xml:18:13-37
147            <intent-filter>
147-->[:firebase_messaging] AndroidManifest.xml:19:13-21:29
148                <action android:name="com.google.firebase.MESSAGING_EVENT" />
148-->[:firebase_messaging] AndroidManifest.xml:20:17-78
148-->[:firebase_messaging] AndroidManifest.xml:20:25-75
149            </intent-filter>
150        </service>
151
152        <receiver
152-->[:firebase_messaging] AndroidManifest.xml:24:9-31:20
153            android:name="io.flutter.plugins.firebase.messaging.FlutterFirebaseMessagingReceiver"
153-->[:firebase_messaging] AndroidManifest.xml:25:13-98
154            android:exported="true"
154-->[:firebase_messaging] AndroidManifest.xml:26:13-36
155            android:permission="com.google.android.c2dm.permission.SEND" >
155-->[:firebase_messaging] AndroidManifest.xml:27:13-73
156            <intent-filter>
156-->[:firebase_messaging] AndroidManifest.xml:28:13-30:29
157                <action android:name="com.google.android.c2dm.intent.RECEIVE" />
157-->[:firebase_messaging] AndroidManifest.xml:29:17-81
157-->[:firebase_messaging] AndroidManifest.xml:29:25-78
158            </intent-filter>
159        </receiver>
160
161        <provider
161-->[:firebase_messaging] AndroidManifest.xml:39:9-43:38
162            android:name="io.flutter.plugins.firebase.messaging.FlutterFirebaseMessagingInitProvider"
162-->[:firebase_messaging] AndroidManifest.xml:40:13-102
163            android:authorities="dev.esh2n.sample.dev.flutterfirebasemessaginginitprovider"
163-->[:firebase_messaging] AndroidManifest.xml:41:13-88
164            android:exported="false"
164-->[:firebase_messaging] AndroidManifest.xml:42:13-37
165            android:initOrder="99" />
165-->[:firebase_messaging] AndroidManifest.xml:43:13-35
166        <provider
166-->[:image_picker] AndroidManifest.xml:8:9-16:20
167            android:name="io.flutter.plugins.imagepicker.ImagePickerFileProvider"
167-->[:image_picker] AndroidManifest.xml:9:13-82
168            android:authorities="dev.esh2n.sample.dev.flutter.image_provider"
168-->[:image_picker] AndroidManifest.xml:10:13-74
169            android:exported="false"
169-->[:image_picker] AndroidManifest.xml:11:13-37
170            android:grantUriPermissions="true" >
170-->[:image_picker] AndroidManifest.xml:12:13-47
171            <meta-data
171-->[:image_picker] AndroidManifest.xml:13:13-15:75
172                android:name="android.support.FILE_PROVIDER_PATHS"
172-->[:image_picker] AndroidManifest.xml:14:17-67
173                android:resource="@xml/flutter_image_picker_file_paths" />
173-->[:image_picker] AndroidManifest.xml:15:17-72
174        </provider>
175
176        <receiver
176-->[:flutter_local_notifications] AndroidManifest.xml:13:9-15:40
177            android:name="com.dexterous.flutterlocalnotifications.ScheduledNotificationReceiver"
177-->[:flutter_local_notifications] AndroidManifest.xml:14:13-97
178            android:exported="false" />
178-->[:flutter_local_notifications] AndroidManifest.xml:15:13-37
179        <receiver
179-->[:flutter_local_notifications] AndroidManifest.xml:16:9-25:20
180            android:name="com.dexterous.flutterlocalnotifications.ScheduledNotificationBootReceiver"
180-->[:flutter_local_notifications] AndroidManifest.xml:17:13-101
181            android:exported="false" >
181-->[:flutter_local_notifications] AndroidManifest.xml:18:13-37
182            <intent-filter>
182-->[:flutter_local_notifications] AndroidManifest.xml:19:13-24:29
183                <action android:name="android.intent.action.BOOT_COMPLETED" />
183-->[:flutter_local_notifications] AndroidManifest.xml:20:17-79
183-->[:flutter_local_notifications] AndroidManifest.xml:20:25-76
184                <action android:name="android.intent.action.MY_PACKAGE_REPLACED" />
184-->[:flutter_local_notifications] AndroidManifest.xml:21:17-84
184-->[:flutter_local_notifications] AndroidManifest.xml:21:25-81
185                <action android:name="android.intent.action.QUICKBOOT_POWERON" />
185-->[:flutter_local_notifications] AndroidManifest.xml:22:17-82
185-->[:flutter_local_notifications] AndroidManifest.xml:22:25-79
186                <action android:name="com.htc.intent.action.QUICKBOOT_POWERON" />
186-->[:flutter_local_notifications] AndroidManifest.xml:23:17-82
186-->[:flutter_local_notifications] AndroidManifest.xml:23:25-79
187            </intent-filter>
188        </receiver>
189
190        <activity
190-->[:url_launcher_android] AndroidManifest.xml:8:9-11:74
191            android:name="io.flutter.plugins.urllauncher.WebViewActivity"
191-->[:url_launcher_android] AndroidManifest.xml:9:13-74
192            android:exported="false"
192-->[:url_launcher_android] AndroidManifest.xml:10:13-37
193            android:theme="@android:style/Theme.NoTitleBar.Fullscreen" />
193-->[:url_launcher_android] AndroidManifest.xml:11:13-71
194
195        <receiver
195-->[com.google.firebase:firebase-messaging:23.0.0] AndroidManifest.xml:28:9-35:20
196            android:name="com.google.firebase.iid.FirebaseInstanceIdReceiver"
196-->[com.google.firebase:firebase-messaging:23.0.0] AndroidManifest.xml:29:13-78
197            android:exported="true"
197-->[com.google.firebase:firebase-messaging:23.0.0] AndroidManifest.xml:30:13-36
198            android:permission="com.google.android.c2dm.permission.SEND" >
198-->[com.google.firebase:firebase-messaging:23.0.0] AndroidManifest.xml:31:13-73
199            <intent-filter>
199-->[:firebase_messaging] AndroidManifest.xml:28:13-30:29
200                <action android:name="com.google.android.c2dm.intent.RECEIVE" />
200-->[:firebase_messaging] AndroidManifest.xml:29:17-81
200-->[:firebase_messaging] AndroidManifest.xml:29:25-78
201            </intent-filter>
202        </receiver>
203        <!--
204             FirebaseMessagingService performs security checks at runtime,
205             but set to not exported to explicitly avoid allowing another app to call it.
206        -->
207        <service
207-->[com.google.firebase:firebase-messaging:23.0.0] AndroidManifest.xml:41:9-48:19
208            android:name="com.google.firebase.messaging.FirebaseMessagingService"
208-->[com.google.firebase:firebase-messaging:23.0.0] AndroidManifest.xml:42:13-82
209            android:directBootAware="true"
209-->[com.google.firebase:firebase-messaging:23.0.0] AndroidManifest.xml:43:13-43
210            android:exported="false" >
210-->[com.google.firebase:firebase-messaging:23.0.0] AndroidManifest.xml:44:13-37
211            <intent-filter android:priority="-500" >
211-->[:firebase_messaging] AndroidManifest.xml:19:13-21:29
212                <action android:name="com.google.firebase.MESSAGING_EVENT" />
212-->[:firebase_messaging] AndroidManifest.xml:20:17-78
212-->[:firebase_messaging] AndroidManifest.xml:20:25-75
213            </intent-filter>
214        </service>
215
216        <provider
216-->[com.google.firebase:firebase-perf:20.0.3] AndroidManifest.xml:14:9-18:39
217            android:name="com.google.firebase.perf.provider.FirebasePerfProvider"
217-->[com.google.firebase:firebase-perf:20.0.3] AndroidManifest.xml:15:13-82
218            android:authorities="dev.esh2n.sample.dev.firebaseperfprovider"
218-->[com.google.firebase:firebase-perf:20.0.3] AndroidManifest.xml:16:13-72
219            android:exported="false"
219-->[com.google.firebase:firebase-perf:20.0.3] AndroidManifest.xml:17:13-37
220            android:initOrder="101" />
220-->[com.google.firebase:firebase-perf:20.0.3] AndroidManifest.xml:18:13-36
221
222        <activity
222-->[com.google.firebase:firebase-auth:21.0.1] AndroidManifest.xml:27:9-44:20
223            android:name="com.google.firebase.auth.internal.GenericIdpActivity"
223-->[com.google.firebase:firebase-auth:21.0.1] AndroidManifest.xml:28:13-80
224            android:excludeFromRecents="true"
224-->[com.google.firebase:firebase-auth:21.0.1] AndroidManifest.xml:29:13-46
225            android:exported="true"
225-->[com.google.firebase:firebase-auth:21.0.1] AndroidManifest.xml:30:13-36
226            android:launchMode="singleTask"
226-->[com.google.firebase:firebase-auth:21.0.1] AndroidManifest.xml:31:13-44
227            android:theme="@android:style/Theme.Translucent.NoTitleBar" >
227-->[com.google.firebase:firebase-auth:21.0.1] AndroidManifest.xml:32:13-72
228            <intent-filter>
228-->[com.google.firebase:firebase-auth:21.0.1] AndroidManifest.xml:33:13-43:29
229                <action android:name="android.intent.action.VIEW" />
229-->[com.google.firebase:firebase-auth:21.0.1] AndroidManifest.xml:34:17-69
229-->[com.google.firebase:firebase-auth:21.0.1] AndroidManifest.xml:34:25-66
230
231                <category android:name="android.intent.category.DEFAULT" />
231-->src/main/AndroidManifest.xml:36:17-76
231-->src/main/AndroidManifest.xml:36:27-73
232                <category android:name="android.intent.category.BROWSABLE" />
232-->[com.google.firebase:firebase-auth:21.0.1] AndroidManifest.xml:37:17-78
232-->[com.google.firebase:firebase-auth:21.0.1] AndroidManifest.xml:37:27-75
233
234                <data
234-->[com.google.firebase:firebase-auth:21.0.1] AndroidManifest.xml:39:17-42:51
235                    android:host="firebase.auth"
235-->[com.google.firebase:firebase-auth:21.0.1] AndroidManifest.xml:40:21-49
236                    android:path="/"
236-->[com.google.firebase:firebase-auth:21.0.1] AndroidManifest.xml:41:21-37
237                    android:scheme="genericidp" />
237-->[com.google.firebase:firebase-auth:21.0.1] AndroidManifest.xml:42:21-48
238            </intent-filter>
239        </activity>
240        <activity
240-->[com.google.firebase:firebase-auth:21.0.1] AndroidManifest.xml:45:9-62:20
241            android:name="com.google.firebase.auth.internal.RecaptchaActivity"
241-->[com.google.firebase:firebase-auth:21.0.1] AndroidManifest.xml:46:13-79
242            android:excludeFromRecents="true"
242-->[com.google.firebase:firebase-auth:21.0.1] AndroidManifest.xml:47:13-46
243            android:exported="true"
243-->[com.google.firebase:firebase-auth:21.0.1] AndroidManifest.xml:48:13-36
244            android:launchMode="singleTask"
244-->[com.google.firebase:firebase-auth:21.0.1] AndroidManifest.xml:49:13-44
245            android:theme="@android:style/Theme.Translucent.NoTitleBar" >
245-->[com.google.firebase:firebase-auth:21.0.1] AndroidManifest.xml:50:13-72
246            <intent-filter>
246-->[com.google.firebase:firebase-auth:21.0.1] AndroidManifest.xml:51:13-61:29
247                <action android:name="android.intent.action.VIEW" />
247-->[com.google.firebase:firebase-auth:21.0.1] AndroidManifest.xml:34:17-69
247-->[com.google.firebase:firebase-auth:21.0.1] AndroidManifest.xml:34:25-66
248
249                <category android:name="android.intent.category.DEFAULT" />
249-->src/main/AndroidManifest.xml:36:17-76
249-->src/main/AndroidManifest.xml:36:27-73
250                <category android:name="android.intent.category.BROWSABLE" />
250-->[com.google.firebase:firebase-auth:21.0.1] AndroidManifest.xml:37:17-78
250-->[com.google.firebase:firebase-auth:21.0.1] AndroidManifest.xml:37:27-75
251
252                <data
252-->[com.google.firebase:firebase-auth:21.0.1] AndroidManifest.xml:39:17-42:51
253                    android:host="firebase.auth"
253-->[com.google.firebase:firebase-auth:21.0.1] AndroidManifest.xml:40:21-49
254                    android:path="/"
254-->[com.google.firebase:firebase-auth:21.0.1] AndroidManifest.xml:41:21-37
255                    android:scheme="recaptcha" />
255-->[com.google.firebase:firebase-auth:21.0.1] AndroidManifest.xml:42:21-48
256            </intent-filter>
257        </activity>
258
259        <service
259-->[com.google.firebase:firebase-auth:21.0.1] AndroidManifest.xml:64:9-73:19
260            android:name="com.google.firebase.auth.api.fallback.service.FirebaseAuthFallbackService"
260-->[com.google.firebase:firebase-auth:21.0.1] AndroidManifest.xml:65:13-101
261            android:enabled="true"
261-->[com.google.firebase:firebase-auth:21.0.1] AndroidManifest.xml:66:13-35
262            android:exported="false" >
262-->[com.google.firebase:firebase-auth:21.0.1] AndroidManifest.xml:67:13-37
263            <intent-filter>
263-->[com.google.firebase:firebase-auth:21.0.1] AndroidManifest.xml:68:13-72:29
264                <action android:name="com.google.firebase.auth.api.gms.service.START" />
264-->[com.google.firebase:firebase-auth:21.0.1] AndroidManifest.xml:69:17-89
264-->[com.google.firebase:firebase-auth:21.0.1] AndroidManifest.xml:69:25-86
265